<?xml version="1.0" encoding="UTF-8"?>
<testsuite name="TestEjercicioContarLetras" tests="1" skipped="0" failures="0" errors="0" timestamp="2022-04-26T11:28:57" hostname="I5-5447" time="0.033">
  <properties/>
  <testcase name="Test1()" classname="TestEjercicioContarLetras" time="0.033"/>
  <system-out><![CDATA[Test1 realizado
]]></system-out>
  <system-err><![CDATA[]]></system-err>
</testsuite>
